<?xml version="1.0" encoding="UTF-8"?>
<testng-results skipped="0" failed="1" total="2" passed="1">
  <reporter-output>
  </reporter-output>
  <suite name="Default suite" duration-ms="143532" started-at="2020-07-03T01:22:51Z" finished-at="2020-07-03T01:25:15Z">
    <groups>
    </groups>
    <test name="Default test" duration-ms="143532" started-at="2020-07-03T01:22:51Z" finished-at="2020-07-03T01:25:15Z">
      <class name="pageTests.HomePageTest">
        <test-method status="PASS" signature="setup()" name="setup" is-config="true" duration-ms="56944" started-at="2020-07-03T01:22:51Z" finished-at="2020-07-03T01:23:48Z">
        </test-method>
        <test-method status="PASS" signature="CheckMenLink()" name="CheckMenLink" duration-ms="700" started-at="2020-07-03T01:23:48Z" finished-at="2020-07-03T01:23:49Z">
        </test-method>
        <test-method status="PASS" signature="teardown()" name="teardown" is-config="true" duration-ms="27945" started-at="2020-07-03T01:23:49Z" finished-at="2020-07-03T01:24:17Z">
        </test-method>
        <test-method status="PASS" signature="setup()" name="setup" is-config="true" duration-ms="44645" started-at="2020-07-03T01:24:17Z" finished-at="2020-07-03T01:25:01Z">
        </test-method>
        <test-method status="FAIL" signature="CheckTitle()" name="CheckTitle" duration-ms="31" started-at="2020-07-03T01:25:01Z" finished-at="2020-07-03T01:25:01Z">
          <exception class="java.lang.AssertionError">
            <message>
              <![CDATA[expected:<Luxury fashion & independent designers | SSENSE> but was:<SSENSE>]]>
            </message>
            <full-stacktrace>
              <![CDATA[java.lang.AssertionError: expected:<Luxury fashion & independent designers | SSENSE> but was:<SSENSE>
	at org.testng.Assert.fail(Assert.java:89)
	at org.testng.Assert.failNotEquals(Assert.java:489)
	at org.testng.Assert.assertEquals(Assert.java:118)
	at org.testng.Assert.assertEquals(Assert.java:171)
	at org.testng.Assert.assertEquals(Assert.java:181)
	at pageTests.HomePageTest.CheckTitle(HomePageTest.java:27)
	at sun.reflect.NativeMethodAccessorImpl.invoke0(Native Method)
	at sun.reflect.NativeMethodAccessorImpl.invoke(NativeMethodAccessorImpl.java:62)
	at sun.reflect.DelegatingMethodAccessorImpl.invoke(DelegatingMethodAccessorImpl.java:43)
	at java.lang.reflect.Method.invoke(Method.java:498)
	at org.testng.internal.MethodInvocationHelper.invokeMethod(MethodInvocationHelper.java:80)
	at org.testng.internal.Invoker.invokeMethod(Invoker.java:673)
	at org.testng.internal.Invoker.invokeTestMethod(Invoker.java:842)
	at org.testng.internal.Invoker.invokeTestMethods(Invoker.java:1166)
	at org.testng.internal.TestMethodWorker.invokeTestMethods(TestMethodWorker.java:125)
	at org.testng.internal.TestMethodWorker.run(TestMethodWorker.java:109)
	at org.testng.TestRunner.runWorkers(TestRunner.java:1178)
	at org.testng.TestRunner.privateRun(TestRunner.java:757)
	at org.testng.TestRunner.run(TestRunner.java:608)
	at org.testng.SuiteRunner.runTest(SuiteRunner.java:334)
	at org.testng.SuiteRunner.runSequentially(SuiteRunner.java:329)
	at org.testng.SuiteRunner.privateRun(SuiteRunner.java:291)
	at org.testng.SuiteRunner.run(SuiteRunner.java:240)
	at org.testng.SuiteRunnerWorker.runSuite(SuiteRunnerWorker.java:52)
	at org.testng.SuiteRunnerWorker.run(SuiteRunnerWorker.java:86)
	at org.testng.TestNG.runSuitesSequentially(TestNG.java:1158)
	at org.testng.TestNG.runSuitesLocally(TestNG.java:1083)
	at org.testng.TestNG.run(TestNG.java:999)
	at org.testng.remote.AbstractRemoteTestNG.run(AbstractRemoteTestNG.java:115)
	at org.testng.remote.RemoteTestNG.initAndRun(RemoteTestNG.java:251)
	at org.testng.remote.RemoteTestNG.main(RemoteTestNG.java:77)
]]>
            </full-stacktrace>
          </exception>
        </test-method>
        <test-method status="PASS" signature="teardown()" name="teardown" is-config="true" duration-ms="13228" started-at="2020-07-03T01:25:01Z" finished-at="2020-07-03T01:25:15Z">
        </test-method>
      </class>
    </test>
  </suite>
</testng-results>
